<?xml version="1.0" encoding="UTF-8"?>
<!-- Generated by org.testng.reporters.JUnitReportReporter -->
<testsuite skipped="0" hostname="WIN7-PC" name="week5.day1.CreateLead" tests="1" failures="0" timestamp="24 Mar 2019 01:32:44 GMT" time="19.081" errors="0">
  <testcase name="createLeadTest" time="19.081" classname="week5.day1.CreateLead"/>
</testsuite> <!-- week5.day1.CreateLead -->
